{"level":"info","message":"listening to port 3000","timestamp":"2019-11-25T19:03:01.461Z"}
{"level":"info","message":"listening to port 3000","timestamp":"2019-11-25T19:03:29.309Z"}
{"level":"info","message":"listening to port 3000","timestamp":"2019-11-25T19:04:08.787Z"}
{"level":"info","message":"Connected to database...","timestamp":"2019-11-25T19:04:08.865Z"}
{"level":"info","message":"listening to port 3000","timestamp":"2019-11-25T19:07:24.473Z"}
{"level":"info","message":"Connected to database...","timestamp":"2019-11-25T19:07:24.551Z"}
{"level":"info","message":"listening to port 3000","timestamp":"2019-11-25T19:08:00.894Z"}
{"level":"info","message":"Connected to database...","timestamp":"2019-11-25T19:08:00.977Z"}
{"level":"info","message":"listening to port 3000","timestamp":"2019-11-30T15:26:56.458Z"}
{"level":"info","message":"Connected to database...","timestamp":"2019-11-30T15:26:56.543Z"}
{"message":"Could not fetch the genres","stack":"Error: Could not fetch the genres\n    at router.get (/Users/Gurwinder/Downloads/node-course/Vidly/routes/genres.js:12:11)\n    at newFn (/Users/Gurwinder/Downloads/node-course/Vidly/node_modules/express-async-errors/index.js:16:20)\n    at Layer.handle [as handle_request] (/Users/Gurwinder/Downloads/node-course/Vidly/node_modules/express/lib/router/layer.js:95:5)\n    at next (/Users/Gurwinder/Downloads/node-course/Vidly/node_modules/express/lib/router/route.js:137:13)\n    at Route.dispatch (/Users/Gurwinder/Downloads/node-course/Vidly/node_modules/express/lib/router/route.js:112:3)\n    at newFn (/Users/Gurwinder/Downloads/node-course/Vidly/node_modules/express-async-errors/index.js:16:20)\n    at Layer.handle [as handle_request] (/Users/Gurwinder/Downloads/node-course/Vidly/node_modules/express/lib/router/layer.js:95:5)\n    at /Users/Gurwinder/Downloads/node-course/Vidly/node_modules/express/lib/router/index.js:281:22\n    at Function.process_params (/Users/Gurwinder/Downloads/node-course/Vidly/node_modules/express/lib/router/index.js:335:12)\n    at next (/Users/Gurwinder/Downloads/node-course/Vidly/node_modules/express/lib/router/index.js:275:10)\n    at Function.handle (/Users/Gurwinder/Downloads/node-course/Vidly/node_modules/express/lib/router/index.js:174:3)\n    at router (/Users/Gurwinder/Downloads/node-course/Vidly/node_modules/express/lib/router/index.js:47:12)\n    at newFn (/Users/Gurwinder/Downloads/node-course/Vidly/node_modules/express-async-errors/index.js:16:20)\n    at Layer.handle [as handle_request] (/Users/Gurwinder/Downloads/node-course/Vidly/node_modules/express/lib/router/layer.js:95:5)\n    at trim_prefix (/Users/Gurwinder/Downloads/node-course/Vidly/node_modules/express/lib/router/index.js:317:13)\n    at /Users/Gurwinder/Downloads/node-course/Vidly/node_modules/express/lib/router/index.js:284:7\n    at Function.process_params (/Users/Gurwinder/Downloads/node-course/Vidly/node_modules/express/lib/router/index.js:335:12)\n    at next (/Users/Gurwinder/Downloads/node-course/Vidly/node_modules/express/lib/router/index.js:275:10)\n    at /Users/Gurwinder/Downloads/node-course/Vidly/node_modules/body-parser/lib/read.js:130:5\n    at invokeCallback (/Users/Gurwinder/Downloads/node-course/Vidly/node_modules/raw-body/index.js:224:16)\n    at done (/Users/Gurwinder/Downloads/node-course/Vidly/node_modules/raw-body/index.js:213:7)\n    at IncomingMessage.onEnd (/Users/Gurwinder/Downloads/node-course/Vidly/node_modules/raw-body/index.js:273:7)","level":"error","timestamp":"2019-11-30T15:27:01.326Z"}
{"level":"info","message":"listening to port 3000","timestamp":"2019-11-30T15:27:39.321Z"}
{"level":"info","message":"Connected to database...","timestamp":"2019-11-30T15:27:39.465Z"}
{"level":"info","message":"listening to port 3000","timestamp":"2019-12-09T18:44:14.808Z"}
{"level":"info","message":"Connected to mongodb://localhost/vidly...","timestamp":"2019-12-09T18:44:14.856Z"}
{"level":"info","message":"listening to port 3000","timestamp":"2019-12-09T18:45:04.352Z"}
{"level":"info","message":"Connected to mongodb://localhost/vidly_test...","timestamp":"2019-12-09T18:45:04.391Z"}
{"level":"info","message":"listening to port 3000","timestamp":"2019-12-09T19:18:13.974Z"}
{"level":"info","message":"Connected to mongodb://localhost/vidly_test...","timestamp":"2019-12-09T19:18:14.030Z"}
{"level":"info","message":"listening to port 3000","timestamp":"2019-12-09T19:19:56.703Z"}
{"level":"info","message":"Connected to mongodb://localhost/vidly_test...","timestamp":"2019-12-09T19:19:56.751Z"}
{"level":"info","message":"listening to port 3000","timestamp":"2019-12-09T19:20:14.598Z"}
{"level":"info","message":"Connected to mongodb://localhost/vidly_test...","timestamp":"2019-12-09T19:20:14.656Z"}
